[0m10:48:30.603517 [debug] [MainThread]: Sending event: {'category': 'dbt', 'action': 'invocation', 'label': 'start', 'context': [<snowplow_tracker.self_describing_json.SelfDescribingJson object at 0x7f580e3dda60>, <snowplow_tracker.self_describing_json.SelfDescribingJson object at 0x7f580e08a480>, <snowplow_tracker.self_describing_json.SelfDescribingJson object at 0x7f580de17080>]}


============================== 10:48:30.611581 | ad006bad-b454-4c96-92fa-375997aec121 ==============================
[0m10:48:30.611581 [info ] [MainThread]: Running with dbt=1.10.11
[0m10:48:30.612343 [debug] [MainThread]: running dbt with arguments {'send_anonymous_usage_stats': 'True', 'warn_error_options': 'WarnErrorOptionsV2(error=[], warn=[], silence=[])', 'log_format': 'default', 'debug': 'False', 'version_check': 'True', 'fail_fast': 'False', 'indirect_selection': 'eager', 'quiet': 'False', 'log_path': 'logs', 'partial_parse': 'True', 'printer_width': '80', 'invocation_command': 'dbt seed', 'write_json': 'True', 'no_print': 'None', 'empty': 'None', 'use_experimental_parser': 'False', 'profiles_dir': '/home/chicote/.dbt', 'use_colors': 'True', 'log_cache_events': 'False', 'target_path': 'None', 'cache_selected_only': 'False', 'introspect': 'True', 'warn_error': 'None', 'static_parser': 'True'}
[0m10:48:30.612919 [error] [MainThread]: Encountered an error:
Runtime Error
  No dbt_project.yml found at expected path /home/chicote/projects/formacion/project_dbt/dbt_project.yml
  Verify that each entry within packages.yml (and their transitive dependencies) contains a file named dbt_project.yml
  
[0m10:48:30.614694 [debug] [MainThread]: Resource report: {"command_name": "seed", "command_success": false, "command_wall_clock_time": 0.101148985, "process_in_blocks": "63848", "process_kernel_time": 0.458199, "process_mem_max_rss": "98160", "process_out_blocks": "8", "process_user_time": 2.672829}
[0m10:48:30.615310 [debug] [MainThread]: Command `dbt seed` failed at 10:48:30.615181 after 0.10 seconds
[0m10:48:30.615732 [debug] [MainThread]: Sending event: {'category': 'dbt', 'action': 'invocation', 'label': 'end', 'context': [<snowplow_tracker.self_describing_json.SelfDescribingJson object at 0x7f580e30da00>, <snowplow_tracker.self_describing_json.SelfDescribingJson object at 0x7f580d317860>, <snowplow_tracker.self_describing_json.SelfDescribingJson object at 0x7f580e335850>]}
[0m10:48:30.616227 [debug] [MainThread]: Flushing usage events
[0m10:48:31.464037 [debug] [MainThread]: An error was encountered while trying to flush usage events
[0m10:48:45.595230 [debug] [MainThread]: Sending event: {'category': 'dbt', 'action': 'invocation', 'label': 'start', 'context': [<snowplow_tracker.self_describing_json.SelfDescribingJson object at 0x7fad928e9040>, <snowplow_tracker.self_describing_json.SelfDescribingJson object at 0x7fad92388c80>, <snowplow_tracker.self_describing_json.SelfDescribingJson object at 0x7fad923be570>]}


============================== 10:48:45.600098 | 45794a0a-cef4-4d97-9ef3-25eef11ae71f ==============================
[0m10:48:45.600098 [info ] [MainThread]: Running with dbt=1.10.11
[0m10:48:45.600886 [debug] [MainThread]: running dbt with arguments {'use_colors': 'True', 'empty': 'None', 'quiet': 'False', 'log_format': 'default', 'indirect_selection': 'eager', 'use_experimental_parser': 'False', 'version_check': 'True', 'static_parser': 'True', 'introspect': 'True', 'cache_selected_only': 'False', 'send_anonymous_usage_stats': 'True', 'no_print': 'None', 'partial_parse': 'True', 'log_path': 'logs', 'profiles_dir': '/home/chicote/.dbt', 'fail_fast': 'False', 'printer_width': '80', 'invocation_command': 'dbt seed', 'warn_error': 'None', 'log_cache_events': 'False', 'target_path': 'None', 'debug': 'False', 'warn_error_options': 'WarnErrorOptionsV2(error=[], warn=[], silence=[])', 'write_json': 'True'}
[0m10:48:45.601491 [error] [MainThread]: Encountered an error:
Runtime Error
  No dbt_project.yml found at expected path /home/chicote/projects/formacion/project_dbt/dbt_project.yml
  Verify that each entry within packages.yml (and their transitive dependencies) contains a file named dbt_project.yml
  
[0m10:48:45.602518 [debug] [MainThread]: Resource report: {"command_name": "seed", "command_success": false, "command_wall_clock_time": 0.09565942, "process_in_blocks": "0", "process_kernel_time": 0.163332, "process_mem_max_rss": "98116", "process_out_blocks": "8", "process_user_time": 2.754871}
[0m10:48:45.603069 [debug] [MainThread]: Command `dbt seed` failed at 10:48:45.602954 after 0.10 seconds
[0m10:48:45.603482 [debug] [MainThread]: Sending event: {'category': 'dbt', 'action': 'invocation', 'label': 'end', 'context': [<snowplow_tracker.self_describing_json.SelfDescribingJson object at 0x7fad9376df70>, <snowplow_tracker.self_describing_json.SelfDescribingJson object at 0x7fad921273b0>, <snowplow_tracker.self_describing_json.SelfDescribingJson object at 0x7fad921248f0>]}
[0m10:48:45.603939 [debug] [MainThread]: Flushing usage events
[0m10:48:46.307701 [debug] [MainThread]: An error was encountered while trying to flush usage events
[0m14:15:24.863521 [debug] [MainThread]: Sending event: {'category': 'dbt', 'action': 'invocation', 'label': 'start', 'context': [<snowplow_tracker.self_describing_json.SelfDescribingJson object at 0x7f6f3aee1f10>, <snowplow_tracker.self_describing_json.SelfDescribingJson object at 0x7f6f3ca66660>, <snowplow_tracker.self_describing_json.SelfDescribingJson object at 0x7f6f3b047d10>]}


============================== 14:15:24.867517 | bd9167e3-e333-4751-aaa5-1f3166b01807 ==============================
[0m14:15:24.867517 [info ] [MainThread]: Running with dbt=1.10.11
[0m14:15:24.868198 [debug] [MainThread]: running dbt with arguments {'warn_error_options': 'WarnErrorOptionsV2(error=[], warn=[], silence=[])', 'partial_parse': 'True', 'fail_fast': 'False', 'write_json': 'True', 'indirect_selection': 'eager', 'log_format': 'default', 'warn_error': 'None', 'empty': 'None', 'cache_selected_only': 'False', 'introspect': 'True', 'use_colors': 'True', 'send_anonymous_usage_stats': 'True', 'static_parser': 'True', 'target_path': 'None', 'use_experimental_parser': 'False', 'quiet': 'False', 'log_cache_events': 'False', 'debug': 'False', 'profiles_dir': '/home/chicote/.dbt', 'printer_width': '80', 'invocation_command': 'dbt seed', 'no_print': 'None', 'log_path': 'logs', 'version_check': 'True'}
[0m14:15:24.868743 [error] [MainThread]: Encountered an error:
Runtime Error
  No dbt_project.yml found at expected path /home/chicote/projects/formacion/project_dbt/dbt_project.yml
  Verify that each entry within packages.yml (and their transitive dependencies) contains a file named dbt_project.yml
  
[0m14:15:24.870730 [debug] [MainThread]: Resource report: {"command_name": "seed", "command_success": false, "command_wall_clock_time": 0.08920616, "process_in_blocks": "288", "process_kernel_time": 0.14178, "process_mem_max_rss": "98228", "process_out_blocks": "8", "process_user_time": 1.701361}
[0m14:15:24.871870 [debug] [MainThread]: Command `dbt seed` failed at 14:15:24.871642 after 0.09 seconds
[0m14:15:24.872630 [debug] [MainThread]: Sending event: {'category': 'dbt', 'action': 'invocation', 'label': 'end', 'context': [<snowplow_tracker.self_describing_json.SelfDescribingJson object at 0x7f6f39fe8050>, <snowplow_tracker.self_describing_json.SelfDescribingJson object at 0x7f6f3ca66660>, <snowplow_tracker.self_describing_json.SelfDescribingJson object at 0x7f6f3a43ea80>]}
[0m14:15:24.873138 [debug] [MainThread]: Flushing usage events
[0m14:15:25.337598 [debug] [MainThread]: An error was encountered while trying to flush usage events
[0m18:25:23.573841 [debug] [MainThread]: Sending event: {'category': 'dbt', 'action': 'invocation', 'label': 'start', 'context': [<snowplow_tracker.self_describing_json.SelfDescribingJson object at 0x7fede3b9a3c0>, <snowplow_tracker.self_describing_json.SelfDescribingJson object at 0x7fede3a5ce00>, <snowplow_tracker.self_describing_json.SelfDescribingJson object at 0x7fede2f83ef0>]}


============================== 18:25:23.577931 | 448ebb55-1d8b-4352-a365-e007af8d9d41 ==============================
[0m18:25:23.577931 [info ] [MainThread]: Running with dbt=1.10.11
[0m18:25:23.578489 [debug] [MainThread]: running dbt with arguments {'log_format': 'default', 'send_anonymous_usage_stats': 'True', 'static_parser': 'True', 'use_experimental_parser': 'False', 'warn_error': 'None', 'debug': 'False', 'partial_parse': 'True', 'indirect_selection': 'eager', 'profiles_dir': '/home/chicote/.dbt', 'empty': 'False', 'log_cache_events': 'False', 'version_check': 'True', 'use_colors': 'True', 'introspect': 'True', 'log_path': 'logs', 'printer_width': '80', 'write_json': 'True', 'warn_error_options': 'WarnErrorOptionsV2(error=[], warn=[], silence=[])', 'target_path': 'None', 'fail_fast': 'False', 'invocation_command': 'dbt run --select +marts_products.sql', 'no_print': 'None', 'quiet': 'False', 'cache_selected_only': 'False'}
[0m18:25:23.578938 [error] [MainThread]: Encountered an error:
Runtime Error
  No dbt_project.yml found at expected path /home/chicote/projects/formacion/project_dbt/dbt_project.yml
  Verify that each entry within packages.yml (and their transitive dependencies) contains a file named dbt_project.yml
  
[0m18:25:23.580085 [debug] [MainThread]: Resource report: {"command_name": "run", "command_success": false, "command_wall_clock_time": 0.055558056, "process_in_blocks": "53136", "process_kernel_time": 0.205382, "process_mem_max_rss": "97980", "process_out_blocks": "16", "process_user_time": 1.43768}
[0m18:25:23.580513 [debug] [MainThread]: Command `dbt run` failed at 18:25:23.580423 after 0.06 seconds
[0m18:25:23.580841 [debug] [MainThread]: Sending event: {'category': 'dbt', 'action': 'invocation', 'label': 'end', 'context': [<snowplow_tracker.self_describing_json.SelfDescribingJson object at 0x7fede3050c20>, <snowplow_tracker.self_describing_json.SelfDescribingJson object at 0x7fede38ca510>, <snowplow_tracker.self_describing_json.SelfDescribingJson object at 0x7fede38caa80>]}
[0m18:25:23.581171 [debug] [MainThread]: Flushing usage events
[0m18:25:24.128601 [debug] [MainThread]: An error was encountered while trying to flush usage events
[0m10:57:51.926577 [debug] [MainThread]: Sending event: {'category': 'dbt', 'action': 'invocation', 'label': 'start', 'context': [<snowplow_tracker.self_describing_json.SelfDescribingJson object at 0x77a54cf6dd90>, <snowplow_tracker.self_describing_json.SelfDescribingJson object at 0x77a54da7e930>, <snowplow_tracker.self_describing_json.SelfDescribingJson object at 0x77a54b33bc50>]}


============================== 10:57:51.966820 | 32d37c3e-a0af-4477-9107-18b7837111eb ==============================
[0m10:57:51.966820 [info ] [MainThread]: Running with dbt=1.10.11
[0m10:57:51.967496 [debug] [MainThread]: running dbt with arguments {'warn_error_options': 'WarnErrorOptionsV2(error=[], warn=[], silence=[])', 'send_anonymous_usage_stats': 'True', 'no_print': 'None', 'write_json': 'True', 'invocation_command': 'dbt debug', 'version_check': 'True', 'use_experimental_parser': 'False', 'target_path': 'None', 'profiles_dir': '/root/.dbt', 'log_path': 'logs', 'quiet': 'False', 'debug': 'False', 'static_parser': 'True', 'log_cache_events': 'False', 'partial_parse': 'True', 'indirect_selection': 'eager', 'cache_selected_only': 'False', 'fail_fast': 'False', 'log_format': 'default', 'introspect': 'True', 'empty': 'None', 'warn_error': 'None', 'use_colors': 'True', 'printer_width': '80'}
[0m10:57:51.999069 [info ] [MainThread]: dbt version: 1.10.11
[0m10:57:51.999724 [info ] [MainThread]: python version: 3.12.12
[0m10:57:52.000239 [info ] [MainThread]: python path: /opt/venv/bin/python
[0m10:57:52.000882 [info ] [MainThread]: os info: Linux-6.6.87.2-microsoft-standard-WSL2-x86_64-with-glibc2.41
[0m10:57:52.001489 [info ] [MainThread]: Using profiles dir at /root/.dbt
[0m10:57:52.001877 [info ] [MainThread]: Using profiles.yml file at /root/.dbt/profiles.yml
[0m10:57:52.002219 [info ] [MainThread]: Using dbt_project.yml file at /app/dbt_project.yml
[0m10:57:52.002832 [info ] [MainThread]: Configuration:
[0m10:57:52.003302 [info ] [MainThread]:   profiles.yml file [[31mERROR not found[0m]
[0m10:57:52.003705 [info ] [MainThread]:   dbt_project.yml file [[31mERROR not found[0m]
[0m10:57:52.004043 [info ] [MainThread]: Required dependencies:
[0m10:57:52.004426 [debug] [MainThread]: Executing "git --help"
[0m10:57:52.006881 [debug] [MainThread]: STDOUT: "b"usage: git [-v | --version] [-h | --help] [-C <path>] [-c <name>=<value>]\n           [--exec-path[=<path>]] [--html-path] [--man-path] [--info-path]\n           [-p | --paginate | -P | --no-pager] [--no-replace-objects] [--no-lazy-fetch]\n           [--no-optional-locks] [--no-advice] [--bare] [--git-dir=<path>]\n           [--work-tree=<path>] [--namespace=<name>] [--config-env=<name>=<envvar>]\n           <command> [<args>]\n\nThese are common Git commands used in various situations:\n\nstart a working area (see also: git help tutorial)\n   clone     Clone a repository into a new directory\n   init      Create an empty Git repository or reinitialize an existing one\n\nwork on the current change (see also: git help everyday)\n   add       Add file contents to the index\n   mv        Move or rename a file, a directory, or a symlink\n   restore   Restore working tree files\n   rm        Remove files from the working tree and from the index\n\nexamine the history and state (see also: git help revisions)\n   bisect    Use binary search to find the commit that introduced a bug\n   diff      Show changes between commits, commit and working tree, etc\n   grep      Print lines matching a pattern\n   log       Show commit logs\n   show      Show various types of objects\n   status    Show the working tree status\n\ngrow, mark and tweak your common history\n   branch    List, create, or delete branches\n   commit    Record changes to the repository\n   merge     Join two or more development histories together\n   rebase    Reapply commits on top of another base tip\n   reset     Reset current HEAD to the specified state\n   switch    Switch branches\n   tag       Create, list, delete or verify a tag object signed with GPG\n\ncollaborate (see also: git help workflows)\n   fetch     Download objects and refs from another repository\n   pull      Fetch from and integrate with another repository or a local branch\n   push      Update remote refs along with associated objects\n\n'git help -a' and 'git help -g' list available subcommands and some\nconcept guides. See 'git help <command>' or 'git help <concept>'\nto read about a specific subcommand or concept.\nSee 'git help git' for an overview of the system.\n""
[0m10:57:52.007397 [debug] [MainThread]: STDERR: "b''"
[0m10:57:52.007784 [info ] [MainThread]:  - git [[32mOK found[0m]

[0m10:57:52.008279 [info ] [MainThread]: Connection test skipped since no profile was found
[0m10:57:52.008900 [info ] [MainThread]: [31m2 checks failed:[0m
[0m10:57:52.009443 [info ] [MainThread]: dbt looked for a profiles.yml file in /root/.dbt/profiles.yml, but did
not find one. For more information on configuring your profile, consult the
documentation:

https://docs.getdbt.com/docs/configure-your-profile


[0m10:57:52.009853 [info ] [MainThread]: Project loading failed for the following reason:
 project path </app/dbt_project.yml> not found

[0m10:57:52.011143 [debug] [MainThread]: Resource report: {"command_name": "debug", "command_success": false, "command_wall_clock_time": 0.12655745, "process_in_blocks": "0", "process_kernel_time": 0.227453, "process_mem_max_rss": "121300", "process_out_blocks": "0", "process_user_time": 2.198714}
[0m10:57:52.011696 [debug] [MainThread]: Command `dbt debug` failed at 10:57:52.011597 after 0.13 seconds
[0m10:57:52.012130 [debug] [MainThread]: Sending event: {'category': 'dbt', 'action': 'invocation', 'label': 'end', 'context': [<snowplow_tracker.self_describing_json.SelfDescribingJson object at 0x77a54b57f1a0>, <snowplow_tracker.self_describing_json.SelfDescribingJson object at 0x77a54b33bc50>, <snowplow_tracker.self_describing_json.SelfDescribingJson object at 0x77a54b3f3ce0>]}
[0m10:57:52.012557 [debug] [MainThread]: Flushing usage events
[0m10:57:53.449275 [debug] [MainThread]: An error was encountered while trying to flush usage events
[0m11:00:46.557040 [debug] [MainThread]: Sending event: {'category': 'dbt', 'action': 'invocation', 'label': 'start', 'context': [<snowplow_tracker.self_describing_json.SelfDescribingJson object at 0x7e562b2b8050>, <snowplow_tracker.self_describing_json.SelfDescribingJson object at 0x7e562b39c470>, <snowplow_tracker.self_describing_json.SelfDescribingJson object at 0x7e562ad45c40>]}


============================== 11:00:46.599197 | 5d5a34bd-b1d1-47c2-b3e6-9b61740a8671 ==============================
[0m11:00:46.599197 [info ] [MainThread]: Running with dbt=1.10.11
[0m11:00:46.599682 [debug] [MainThread]: running dbt with arguments {'use_colors': 'True', 'introspect': 'True', 'empty': 'None', 'invocation_command': 'dbt debug', 'debug': 'False', 'log_format': 'default', 'partial_parse': 'True', 'write_json': 'True', 'printer_width': '80', 'target_path': 'None', 'quiet': 'False', 'cache_selected_only': 'False', 'fail_fast': 'False', 'warn_error': 'None', 'no_print': 'None', 'indirect_selection': 'eager', 'warn_error_options': 'WarnErrorOptionsV2(error=[], warn=[], silence=[])', 'log_path': 'logs', 'use_experimental_parser': 'False', 'send_anonymous_usage_stats': 'True', 'log_cache_events': 'False', 'version_check': 'True', 'static_parser': 'True', 'profiles_dir': '/root/.dbt'}
[0m11:00:46.628927 [info ] [MainThread]: dbt version: 1.10.11
[0m11:00:46.629466 [info ] [MainThread]: python version: 3.12.12
[0m11:00:46.630202 [info ] [MainThread]: python path: /opt/venv/bin/python
[0m11:00:46.630708 [info ] [MainThread]: os info: Linux-6.6.87.2-microsoft-standard-WSL2-x86_64-with-glibc2.41
[0m11:00:46.631172 [info ] [MainThread]: Using profiles dir at /root/.dbt
[0m11:00:46.631597 [info ] [MainThread]: Using profiles.yml file at /root/.dbt/profiles.yml
[0m11:00:46.632082 [info ] [MainThread]: Using dbt_project.yml file at /app/dbt_project.yml
[0m11:00:46.632985 [info ] [MainThread]: Configuration:
[0m11:00:46.633534 [info ] [MainThread]:   profiles.yml file [[31mERROR not found[0m]
[0m11:00:46.634187 [info ] [MainThread]:   dbt_project.yml file [[31mERROR not found[0m]
[0m11:00:46.634721 [info ] [MainThread]: Required dependencies:
[0m11:00:46.635156 [debug] [MainThread]: Executing "git --help"
[0m11:00:46.637747 [debug] [MainThread]: STDOUT: "b"usage: git [-v | --version] [-h | --help] [-C <path>] [-c <name>=<value>]\n           [--exec-path[=<path>]] [--html-path] [--man-path] [--info-path]\n           [-p | --paginate | -P | --no-pager] [--no-replace-objects] [--no-lazy-fetch]\n           [--no-optional-locks] [--no-advice] [--bare] [--git-dir=<path>]\n           [--work-tree=<path>] [--namespace=<name>] [--config-env=<name>=<envvar>]\n           <command> [<args>]\n\nThese are common Git commands used in various situations:\n\nstart a working area (see also: git help tutorial)\n   clone     Clone a repository into a new directory\n   init      Create an empty Git repository or reinitialize an existing one\n\nwork on the current change (see also: git help everyday)\n   add       Add file contents to the index\n   mv        Move or rename a file, a directory, or a symlink\n   restore   Restore working tree files\n   rm        Remove files from the working tree and from the index\n\nexamine the history and state (see also: git help revisions)\n   bisect    Use binary search to find the commit that introduced a bug\n   diff      Show changes between commits, commit and working tree, etc\n   grep      Print lines matching a pattern\n   log       Show commit logs\n   show      Show various types of objects\n   status    Show the working tree status\n\ngrow, mark and tweak your common history\n   branch    List, create, or delete branches\n   commit    Record changes to the repository\n   merge     Join two or more development histories together\n   rebase    Reapply commits on top of another base tip\n   reset     Reset current HEAD to the specified state\n   switch    Switch branches\n   tag       Create, list, delete or verify a tag object signed with GPG\n\ncollaborate (see also: git help workflows)\n   fetch     Download objects and refs from another repository\n   pull      Fetch from and integrate with another repository or a local branch\n   push      Update remote refs along with associated objects\n\n'git help -a' and 'git help -g' list available subcommands and some\nconcept guides. See 'git help <command>' or 'git help <concept>'\nto read about a specific subcommand or concept.\nSee 'git help git' for an overview of the system.\n""
[0m11:00:46.638424 [debug] [MainThread]: STDERR: "b''"
[0m11:00:46.638872 [info ] [MainThread]:  - git [[32mOK found[0m]

[0m11:00:46.639266 [info ] [MainThread]: Connection test skipped since no profile was found
[0m11:00:46.639719 [info ] [MainThread]: [31m2 checks failed:[0m
[0m11:00:46.640217 [info ] [MainThread]: dbt looked for a profiles.yml file in /root/.dbt/profiles.yml, but did
not find one. For more information on configuring your profile, consult the
documentation:

https://docs.getdbt.com/docs/configure-your-profile


[0m11:00:46.640692 [info ] [MainThread]: Project loading failed for the following reason:
 project path </app/dbt_project.yml> not found

[0m11:00:46.641812 [debug] [MainThread]: Resource report: {"command_name": "debug", "command_success": false, "command_wall_clock_time": 0.12351333, "process_in_blocks": "0", "process_kernel_time": 0.27187, "process_mem_max_rss": "121300", "process_out_blocks": "0", "process_user_time": 2.075012}
[0m11:00:46.642500 [debug] [MainThread]: Command `dbt debug` failed at 11:00:46.642356 after 0.12 seconds
[0m11:00:46.642961 [debug] [MainThread]: Sending event: {'category': 'dbt', 'action': 'invocation', 'label': 'end', 'context': [<snowplow_tracker.self_describing_json.SelfDescribingJson object at 0x7e562a96dfa0>, <snowplow_tracker.self_describing_json.SelfDescribingJson object at 0x7e562b39c470>, <snowplow_tracker.self_describing_json.SelfDescribingJson object at 0x7e562b2b8050>]}
[0m11:00:46.643391 [debug] [MainThread]: Flushing usage events
[0m11:00:47.369940 [debug] [MainThread]: An error was encountered while trying to flush usage events
